libuvccamera/build/intermediates/manifest_merge_blame_file/release/manifest-merger-blame-release-report.txt
1<?xml version="1.0" encoding="utf-8"?>
2<!--
3  ~  UVCCamera
4  ~  library and sample to access to UVC web camera on non-rooted Android device
5  ~
6  ~ Copyright (c) 2014-2017 saki t_saki@serenegiant.com
7  ~
8  ~  Licensed under the Apache License, Version 2.0 (the "License");
9  ~  you may not use this file except in compliance with the License.
10  ~   You may obtain a copy of the License at
11  ~
12  ~      http://www.apache.org/licenses/LICENSE-2.0
13  ~
14  ~   Unless required by applicable law or agreed to in writing, software
15  ~   distributed under the License is distributed on an "AS IS" BASIS,
16  ~   WITHOUT WARRANTIES OR CONDITIONS OF ANY KIND, either express or implied.
17  ~   See the License for the specific language governing permissions and
18  ~   limitations under the License.
19  ~
20  ~  All files in the folder are under this Apache License, Version 2.0.
21  ~  Files in the libjpeg-turbo, libusb, libuvc, rapidjson folder
22  ~  may have a different license, see the respective files.
23-->
24<manifest xmlns:android="http://schemas.android.com/apk/res/android"
25    package="com.serenegiant.uvccamera"
26    android:versionCode="1"
27    android:versionName="1.1" >
28
29    <uses-sdk
29-->src\main\AndroidManifest.xml:31:5-33:41
30        android:minSdkVersion="19"
30-->src\main\AndroidManifest.xml:32:9-35
31        android:targetSdkVersion="25" />
31-->src\main\AndroidManifest.xml:33:9-38
32
33    <uses-permission android:name="android.permission.SYSTEM_ALERT_WINDOW" />
33-->src\main\AndroidManifest.xml:28:5-78
33-->src\main\AndroidManifest.xml:28:22-75
34    <uses-permission android:name="android.permission.RECORD_AUDIO" />
34-->src\main\AndroidManifest.xml:29:5-71
34-->src\main\AndroidManifest.xml:29:22-68
35    <uses-permission android:name="android.permission.WRITE_EXTERNAL_STORAGE" />
35-->src\main\AndroidManifest.xml:30:5-81
35-->src\main\AndroidManifest.xml:30:22-78
36
37    <application>
37-->src\main\AndroidManifest.xml:34:5-36:19
38        <service android:name="com.serenegiant.service.TakeVideoService" />
38-->src\main\AndroidManifest.xml:35:9-84
38-->src\main\AndroidManifest.xml:35:18-73
39    </application>
40
41</manifest>